<?xml version="1.0" encoding="UTF-8"?>
<!-- Generated by org.testng.reporters.JUnitReportReporter -->
<testsuite hostname="DESKTOP-PJAL084" name="com.cucumber.AutomationPractice.BatchRunnerTest" tests="6" failures="0" timestamp="11 Dec 2019 01:10:06 GMT" time="880.067" errors="0">
  <testcase name="feature" time="33.931" classname="com.cucumber.AutomationPractice.BatchRunnerTest"/>
  <testcase name="feature" time="310.683" classname="com.cucumber.AutomationPractice.BatchRunnerTest"/>
  <testcase name="feature" time="145.078" classname="com.cucumber.AutomationPractice.BatchRunnerTest"/>
  <testcase name="feature" time="94.514" classname="com.cucumber.AutomationPractice.BatchRunnerTest"/>
  <testcase name="feature" time="94.913" classname="com.cucumber.AutomationPractice.BatchRunnerTest"/>
  <testcase name="feature" time="200.948" classname="com.cucumber.AutomationPractice.BatchRunnerTest"/>
</testsuite> <!-- com.cucumber.AutomationPractice.BatchRunnerTest -->
